
          -------------------------------------------------------
          Amber 18 PMEMD                              2018
          -------------------------------------------------------

| PMEMD implementation of SANDER, Release 18

| Run on 08/04/2020 at 19:49:12

|   Executable path: pmemd.cuda
| Working directory: /home/paul/APBScore/example/Step2_Min_VAC_Diel3.0
|          Hostname: Unknown
  [-O]verwriting output

File Assignments:
|   MDIN: MD_min2.in                                                            
|  MDOUT: Com_min2.out                                                          
| INPCRD: Com_min1.rst                                                          
|   PARM: COM_mod.top                                                           
| RESTRT: Com_min2.rst                                                          
|   REFC: refc                                                                  
|  MDVEL: mdvel                                                                 
|   MDEN: mden                                                                  
|  MDCRD: mdcrd                                                                 
| MDINFO: mdinfo                                                                
|  MDFRC: mdfrc                                                                 


 Here is the input file:

min2: no rst, 500+500 steps                                                    
&cntrl                                                                         
    imin=1,                                                                    
    irest=0, ntx=1,                                                            
    maxcyc=1000, ncyc=500,                                                     
    ntc=1, ntf=1, cut=9999.0,                                                  
    ntb=0, igb=6,                                                              
    ntr=0,                                                                     
    ntpr=100, ntwx=0, ntwr=5000, ioutfm=1, ntxo=2, iwrap=0,                    
/                                                                              


Note: ig = -1. Setting random seed to   476376 based on wallclock time in 
      microseconds.
| irandom = 1, using AMBER's internal random number generator (default).
 
|--------------------- INFORMATION ----------------------
| GPU (CUDA) Version of PMEMD in use: NVIDIA GPU IN USE.
|                    Version 18.0.0
| 
|                      03/25/2018
| 
| Implementation by:
|                    Ross C. Walker     (SDSC)
|                    Scott Le Grand     (nVIDIA)
| 
| Version 18 performance extensions by:
|                    David Cerutti     (Rutgers)
| 
| Precision model in use:
|      [SPFP] - Single Precision Forces, 64-bit Fixed Point
|               Accumulation. (Default)
| 
|--------------------------------------------------------
 
|----------------- CITATION INFORMATION -----------------
|
|    When publishing work that utilized the CUDA version
|    of AMBER, please cite the following in addition to
|    the regular AMBER citations:
|
|  - Andreas W. Goetz; Mark J. Williamson; Dong Xu;
|    Duncan Poole; Scott Le Grand; Ross C. Walker
|    "Routine microsecond molecular dynamics simulations
|    with AMBER - Part I: Generalized Born", J. Chem.
|    Theory Comput., 2012, 8 (5), pp1542-1555.
|
|  - Scott Le Grand; Andreas W. Goetz; Ross C. Walker
|    "SPFP: Speed without compromise - a mixed precision
|    model for GPU accelerated molecular dynamics
|    simulations.", Comp. Phys. Comm., 2013, 184
|    pp374-380, DOI: 10.1016/j.cpc.2012.09.022
|
|--------------------------------------------------------
 
|------------------- GPU DEVICE INFO --------------------
|
|            CUDA_VISIBLE_DEVICES: not set
|   CUDA Capable Devices Detected:      1
|           CUDA Device ID in use:      0
|                CUDA Device Name: GeForce RTX 2060
|     CUDA Device Global Mem Size:   5926 MB
| CUDA Device Num Multiprocessors:     30
|           CUDA Device Core Freq:   1.20 GHz
|
|--------------------------------------------------------
 
| Conditional Compilation Defines Used:
| PUBFFT
| BINTRAJ
| CUDA
| EMIL

| New format PARM file being parsed.
| Version =    1.000 Date = 08/03/20 Time = 20:57:57

| Note: 1-4 EEL scale factors are being read from the topology file.

| Note: 1-4 VDW scale factors are being read from the topology file.
| INFO:    Reading atomic numbers from topology file.
| Duplicated    0 dihedrals

| Duplicated    0 dihedrals

--------------------------------------------------------------------------------
   1.  RESOURCE   USE: 
--------------------------------------------------------------------------------

 NATOM  =    3224 NTYPES =      25 NBONH =    1656 MBONA  =    1599
 NTHETH =    3778 MTHETA =    2170 NPHIH =    7467 MPHIA  =    6909
 NHPARM =       0 NPARM  =       0 NNB   =   17927 NRES   =     199
 NBONA  =    1599 NTHETA =    2170 NPHIA =    6909 NUMBND =      79
 NUMANG =     185 NPTRA  =     209 NATYP =      44 NPHB   =       0
 IFBOX  =       0 NMXRS  =      88 IFCAP =       0 NEXTRA =       0
 NCOPY  =       0

 Implicit solvent radii are H(N)-modified Bondi radii (mbondi2)                                             
--------------------------------------------------------------------------------
   2.  CONTROL  DATA  FOR  THE  RUN
--------------------------------------------------------------------------------

default_name                                                                    

General flags:
     imin    =       1, nmropt  =       0

Nature and format of input:
     ntx     =       1, irest   =       0, ntrx    =       1

Nature and format of output:
     ntxo    =       2, ntpr    =     100, ntrx    =       1, ntwr    =    5000
     iwrap   =       0, ntwx    =       0, ntwv    =       0, ntwe    =       0
     ioutfm  =       1, ntwprt  =       0, idecomp =       0, rbornstat=      0

Potential function:
     ntf     =       1, ntb     =       0, igb     =       6, nsnb    =      25
     ipol    =       0, gbsa    =       0, iesp    =       0
     dielc   =   1.00000, cut     =9999.00000, intdiel =   1.00000

Frozen or restrained atoms:
     ibelly  =       0, ntr     =       0

Energy minimization:
     maxcyc  =    1000, ncyc    =     500, ntmin   =       1
     dx0     =   0.01000, drms    =   0.00010

| Intermolecular bonds treatment:
|     no_intermolecular_bonds =       1

| Energy averages sample interval:
|     ene_avg_sampling =       1

--------------------------------------------------------------------------------
   3.  ATOMIC COORDINATES AND VELOCITIES
--------------------------------------------------------------------------------

default_name                                                                    
 begin time read from input coords =     0.000 ps

 
 Number of triangulated 3-point waters found:        0
| Dynamic Memory, Types Used:
| Reals               54759
| Integers           349660

| GPU memory information (estimate):
| KB of GPU memory in use:         0
| KB of CPU memory in use:         0

--------------------------------------------------------------------------------
   4.  RESULTS
--------------------------------------------------------------------------------



   NSTEP       ENERGY          RMS            GMAX         NAME    NUMBER
      1      -2.6488E+02     6.9389E-01     7.8918E+00     CG       1984

 BOND    =       42.7100  ANGLE   =      286.3771  DIHED      =     2193.5448
 VDWAALS =    -1718.6735  EEL     =    -4663.4767  EGB        =        0.0000
 1-4 VDW =      668.6155  1-4 EEL =     2926.0180  RESTRAINT  =        0.0000


   NSTEP       ENERGY          RMS            GMAX         NAME    NUMBER
    100      -3.2598E+02     2.5045E-01     7.2496E+00     CG        416

 BOND    =       53.2312  ANGLE   =      301.5548  DIHED      =     2190.0019
 VDWAALS =    -1763.9388  EEL     =    -4658.8467  EGB        =        0.0000
 1-4 VDW =      635.9127  1-4 EEL =     2916.1061  RESTRAINT  =        0.0000


   NSTEP       ENERGY          RMS            GMAX         NAME    NUMBER
    200      -3.5222E+02     6.6503E-01     3.0901E+01     C20      3183

 BOND    =       56.8684  ANGLE   =      304.8359  DIHED      =     2185.6329
 VDWAALS =    -1778.9789  EEL     =    -4660.5561  EGB        =        0.0000
 1-4 VDW =      627.8928  1-4 EEL =     2912.0824  RESTRAINT  =        0.0000


   NSTEP       ENERGY          RMS            GMAX         NAME    NUMBER
    300      -3.7155E+02     5.6392E-01     1.9751E+01     C20      3183

 BOND    =       58.6783  ANGLE   =      304.8933  DIHED      =     2181.9867
 VDWAALS =    -1788.2335  EEL     =    -4662.9767  EGB        =        0.0000
 1-4 VDW =      624.0830  1-4 EEL =     2910.0155  RESTRAINT  =        0.0000


   NSTEP       ENERGY          RMS            GMAX         NAME    NUMBER
    400      -3.8688E+02     1.3822E-01     1.4270E+00     C        2152

 BOND    =       59.1760  ANGLE   =      305.7925  DIHED      =     2178.9219
 VDWAALS =    -1794.8300  EEL     =    -4666.3236  EGB        =        0.0000
 1-4 VDW =      621.4010  1-4 EEL =     2908.9853  RESTRAINT  =        0.0000


   NSTEP       ENERGY          RMS            GMAX         NAME    NUMBER
    500      -3.9856E+02     3.9712E-01     1.0675E+01     C         708

 BOND    =       59.9902  ANGLE   =      305.9167  DIHED      =     2176.2532
 VDWAALS =    -1799.7763  EEL     =    -4669.3074  EGB        =        0.0000
 1-4 VDW =      619.8614  1-4 EEL =     2908.5024  RESTRAINT  =        0.0000


   NSTEP       ENERGY          RMS            GMAX         NAME    NUMBER
    600      -4.5958E+02     2.6862E-01     4.2938E+00     CZ       1560

 BOND    =       61.1847  ANGLE   =      309.3692  DIHED      =     2162.2476
 VDWAALS =    -1827.2456  EEL     =    -4691.5174  EGB        =        0.0000
 1-4 VDW =      617.0086  1-4 EEL =     2909.3773  RESTRAINT  =        0.0000


   NSTEP       ENERGY          RMS            GMAX         NAME    NUMBER
    700      -4.7006E+02     2.7398E-01     5.2254E+00     CD       1050

 BOND    =       60.9911  ANGLE   =      309.2406  DIHED      =     2160.9245
 VDWAALS =    -1832.3605  EEL     =    -4696.8987  EGB        =        0.0000
 1-4 VDW =      617.5998  1-4 EEL =     2910.4475  RESTRAINT  =        0.0000


   NSTEP       ENERGY          RMS            GMAX         NAME    NUMBER
    800      -4.8196E+02     3.0301E-01     5.5688E+00     CD       1050

 BOND    =       60.9422  ANGLE   =      309.8396  DIHED      =     2158.9209
 VDWAALS =    -1837.2610  EEL     =    -4703.8896  EGB        =        0.0000
 1-4 VDW =      617.9657  1-4 EEL =     2911.5262  RESTRAINT  =        0.0000


   NSTEP       ENERGY          RMS            GMAX         NAME    NUMBER
    900      -4.9051E+02     2.1732E-01     3.2309E+00     HE2      1563

 BOND    =       60.6669  ANGLE   =      309.8390  DIHED      =     2158.0654
 VDWAALS =    -1841.4255  EEL     =    -4707.8672  EGB        =        0.0000
 1-4 VDW =      618.4642  1-4 EEL =     2911.7466  RESTRAINT  =        0.0000


   NSTEP       ENERGY          RMS            GMAX         NAME    NUMBER
   1000      -4.9767E+02     2.1293E-01     3.2737E+00     CA       1550

 BOND    =       60.5505  ANGLE   =      310.1642  DIHED      =     2158.0353
 VDWAALS =    -1845.4698  EEL     =    -4712.2653  EGB        =        0.0000
 1-4 VDW =      619.0438  1-4 EEL =     2912.2735  RESTRAINT  =        0.0000


  Maximum number of minimization cycles reached.


                    FINAL RESULTS



   NSTEP       ENERGY          RMS            GMAX         NAME    NUMBER
   1000      -4.9767E+02     2.1293E-01     3.2737E+00     CA       1550

 BOND    =       60.5505  ANGLE   =      310.1642  DIHED      =     2158.0353
 VDWAALS =    -1845.4698  EEL     =    -4712.2653  EGB        =        0.0000
 1-4 VDW =      619.0438  1-4 EEL =     2912.2735  RESTRAINT  =        0.0000
--------------------------------------------------------------------------------
   5.  TIMINGS
--------------------------------------------------------------------------------

|  NonSetup CPU Time in Major Routines:
|
|     Routine           Sec        %
|     ------------------------------
|     Nonbond           0.39   81.65
|     Bond              0.00    0.00
|     Angle             0.00    0.00
|     Dihedral          0.00    0.00
|     Shake             0.00    0.00
|     Other             0.09   18.35
|     ------------------------------
|     Total             0.48

|  Generalized Born CPU Time:
|
|     Routine                 Sec        %
|     ------------------------------------
|     Radii Calc              0.00    0.00
|     Diagonal Calc           0.00    0.00
|     Off Diagonal Calc       0.00    0.00
|     GBSA LCPO Calc          0.00    0.00
|     ---------------------------------
|     Total                   0.00    0.00

|  Setup CPU time:            0.22 seconds
|  NonSetup CPU time:         0.48 seconds
|  Total CPU time:            0.70 seconds     0.00 hours

|  Setup wall time:           1    seconds
|  NonSetup wall time:        0    seconds
|  Total wall time:           1    seconds     0.00 hours
